app/build/intermediates/manifest_merge_blame_file/debug/manifest-merger-blame-debug-report.txt
1<?xml version="1.0" encoding="utf-8"?>
2<manifest xmlns:android="http://schemas.android.com/apk/res/android"
3    package="com.sevenminuteworkout"
4    android:versionCode="1"
5    android:versionName="1.0" >
6
7    <uses-sdk
8        android:minSdkVersion="21"
8-->src\main\AndroidManifest.xml
9        android:targetSdkVersion="29" />
9-->src\main\AndroidManifest.xml
10
11    <application
11-->src\main\AndroidManifest.xml:6:5-66:19
12        android:allowBackup="false"
12-->src\main\AndroidManifest.xml:7:9-36
13        android:appComponentFactory="androidx.core.app.CoreComponentFactory"
13-->[androidx.core:core:1.2.0] AndroidManifest.xml:24:18-86
14        android:debuggable="true"
15        android:icon="@mipmap/ic_launcher"
15-->src\main\AndroidManifest.xml:8:9-43
16        android:label="@string/app_name"
16-->src\main\AndroidManifest.xml:9:9-41
17        android:roundIcon="@mipmap/ic_launcher_round"
17-->src\main\AndroidManifest.xml:10:9-54
18        android:supportsRtl="true"
18-->src\main\AndroidManifest.xml:11:9-35
19        android:testOnly="true"
20        android:theme="@style/AppTheme" >
20-->src\main\AndroidManifest.xml:12:9-40
21        <activity
21-->src\main\AndroidManifest.xml:14:9-18:20
22            android:name="com.SWEAT.Dashboard"
22-->src\main\AndroidManifest.xml:14:19-44
23            android:screenOrientation="portrait"
23-->src\main\AndroidManifest.xml:15:13-49
24            android:theme="@style/Theme.AppCompat.Light.NoActionBar" >
24-->src\main\AndroidManifest.xml:16:13-69
25        </activity>
26        <activity
26-->src\main\AndroidManifest.xml:20:9-23:92
27            android:name="com.SWEAT.splashScreen"
27-->src\main\AndroidManifest.xml:21:13-41
28            android:screenOrientation="portrait"
28-->src\main\AndroidManifest.xml:22:13-49
29            android:theme="@style/Theme.AppCompat.Light.NoActionBar.FullScreen" />
29-->src\main\AndroidManifest.xml:23:13-80
30        <activity
30-->src\main\AndroidManifest.xml:25:9-36:20
31            android:name="com.SWEAT.MainActivity"
31-->src\main\AndroidManifest.xml:26:13-41
32            android:label="@string/app_name"
32-->src\main\AndroidManifest.xml:27:13-45
33            android:screenOrientation="portrait"
33-->src\main\AndroidManifest.xml:28:13-49
34            android:theme="@style/Theme.AppCompat.Light.NoActionBar" >
34-->src\main\AndroidManifest.xml:29:13-69
35            <intent-filter>
35-->src\main\AndroidManifest.xml:31:13-35:29
36                <action android:name="android.intent.action.MAIN" />
36-->src\main\AndroidManifest.xml:32:17-69
36-->src\main\AndroidManifest.xml:32:25-66
37
38                <category android:name="android.intent.category.LAUNCHER" />
38-->src\main\AndroidManifest.xml:34:17-77
38-->src\main\AndroidManifest.xml:34:27-74
39            </intent-filter>
40        </activity>
41        <activity
41-->src\main\AndroidManifest.xml:38:9-41:72
42            android:name="com.SWEAT.ExerciseActivity"
42-->src\main\AndroidManifest.xml:39:13-45
43            android:screenOrientation="portrait"
43-->src\main\AndroidManifest.xml:40:13-49
44            android:theme="@style/Theme.AppCompat.Light.NoActionBar" />
44-->src\main\AndroidManifest.xml:41:13-69
45        <!--
46This tag is already added by default when you create an activity along with the layout file.
47        You just need add some extra attribute as per requirement.
48        -->
49        <activity
49-->src\main\AndroidManifest.xml:46:9-49:72
50            android:name="com.SWEAT.FinishActivity"
50-->src\main\AndroidManifest.xml:47:13-43
51            android:screenOrientation="portrait"
51-->src\main\AndroidManifest.xml:48:13-49
52            android:theme="@style/Theme.AppCompat.Light.NoActionBar" />
52-->src\main\AndroidManifest.xml:49:13-69
53        <!--
54This tag is already added by default when you create an activity along with the layout file.
55        You just need add some extra attribute as per requirement.
56        -->
57        <activity
57-->src\main\AndroidManifest.xml:54:9-57:72
58            android:name="com.SWEAT.BMIActivity"
58-->src\main\AndroidManifest.xml:55:13-40
59            android:screenOrientation="portrait"
59-->src\main\AndroidManifest.xml:56:13-49
60            android:theme="@style/Theme.AppCompat.Light.NoActionBar" />
60-->src\main\AndroidManifest.xml:57:13-69
61        <!--
62This tag is already added by default when you create an activity along with the layout file.
63        You just need add some extra attribute as per requirement.
64        -->
65        <activity
65-->src\main\AndroidManifest.xml:62:9-65:72
66            android:name="com.SWEAT.HistoryActivity"
66-->src\main\AndroidManifest.xml:63:13-44
67            android:screenOrientation="portrait"
67-->src\main\AndroidManifest.xml:64:13-49
68            android:theme="@style/Theme.AppCompat.Light.NoActionBar" />
68-->src\main\AndroidManifest.xml:65:13-69
69    </application>
70
71</manifest>